<?xml version="1.0" encoding="UTF-8"?>
<!-- Generated by org.testng.reporters.JUnitReportReporter -->
<testsuite skipped="0" hostname="vwnb0082" name="stepDefinition.LoginTest" tests="1" failures="0" timestamp="07 Feb 2020 20:53:03 GMT" time="11.284" errors="0">
  <testcase name="setup" time="11.284" classname="stepDefinition.LoginTest"/>
</testsuite> <!-- stepDefinition.LoginTest -->
