<?xml version="1.0" encoding="UTF-8"?>
<!-- Generated by org.testng.reporters.JUnitReportReporter -->
<testsuite skipped="0" hostname="vwnb0082" name="testRunner.Runner" tests="1" failures="0" timestamp="07 Feb 2020 21:20:15 GMT" time="0.043" errors="0">
  <testcase name="feature" time="0.043" classname="testRunner.Runner"/>
</testsuite> <!-- testRunner.Runner -->
